mobile-agent-app/app/build/intermediates/manifest_merge_blame_file/release/processReleaseMainManifest/manifest-merger-blame-release-report.txt
1<?xml version="1.0" encoding="utf-8"?>
2<manifest xmlns:android="http://schemas.android.com/apk/res/android"
3    package="com.vicidial.simagent"
4    android:versionCode="1"
5    android:versionName="1.0.0" >
6
7    <uses-sdk
8        android:minSdkVersion="26"
9        android:targetSdkVersion="35" />
10
11    <uses-permission android:name="android.permission.INTERNET" />
11-->src/main/AndroidManifest.xml:4:5-67
11-->src/main/AndroidManifest.xml:4:22-64
12    <uses-permission android:name="android.permission.CALL_PHONE" />
12-->src/main/AndroidManifest.xml:5:5-69
12-->src/main/AndroidManifest.xml:5:22-66
13    <uses-permission android:name="android.permission.USE_SIP" />
13-->src/main/AndroidManifest.xml:6:5-66
13-->src/main/AndroidManifest.xml:6:22-63
14    <uses-permission android:name="android.permission.RECORD_AUDIO" />
14-->src/main/AndroidManifest.xml:7:5-71
14-->src/main/AndroidManifest.xml:7:22-68
15    <uses-permission android:name="android.permission.MODIFY_AUDIO_SETTINGS" />
15-->src/main/AndroidManifest.xml:8:5-80
15-->src/main/AndroidManifest.xml:8:22-77
16    <uses-permission android:name="android.permission.WAKE_LOCK" />
16-->src/main/AndroidManifest.xml:9:5-68
16-->src/main/AndroidManifest.xml:9:22-65
17
18    <uses-feature
18-->src/main/AndroidManifest.xml:10:5-87
19        android:name="android.hardware.sip.voip"
19-->src/main/AndroidManifest.xml:10:19-59
20        android:required="false" />
20-->src/main/AndroidManifest.xml:10:60-84
21
22    <permission
22-->[androidx.core:core:1.13.1] AndroidManifest.xml:22:5-24:47
23        android:name="com.vicidial.simagent.DYNAMIC_RECEIVER_NOT_EXPORTED_PERMISSION"
23-->[androidx.core:core:1.13.1] AndroidManifest.xml:23:9-81
24        android:protectionLevel="signature" />
24-->[androidx.core:core:1.13.1] AndroidManifest.xml:24:9-44
25
26    <uses-permission android:name="com.vicidial.simagent.DYNAMIC_RECEIVER_NOT_EXPORTED_PERMISSION" />
26-->[androidx.core:core:1.13.1] AndroidManifest.xml:26:5-97
26-->[androidx.core:core:1.13.1] AndroidManifest.xml:26:22-94
27
28    <application
28-->src/main/AndroidManifest.xml:12:5-31:19
29        android:allowBackup="true"
29-->src/main/AndroidManifest.xml:13:9-35
30        android:appComponentFactory="androidx.core.app.CoreComponentFactory"
30-->[androidx.core:core:1.13.1] AndroidManifest.xml:28:18-86
31        android:extractNativeLibs="false"
32        android:icon="@mipmap/ic_launcher"
32-->src/main/AndroidManifest.xml:14:9-43
33        android:label="Vicidial SIM Agent"
33-->src/main/AndroidManifest.xml:15:9-43
34        android:roundIcon="@mipmap/ic_launcher_round"
34-->src/main/AndroidManifest.xml:16:9-54
35        android:supportsRtl="true"
35-->src/main/AndroidManifest.xml:17:9-35
36        android:theme="@style/Theme.VicidialSimAgent"
36-->src/main/AndroidManifest.xml:19:9-54
37        android:usesCleartextTraffic="true" >
37-->src/main/AndroidManifest.xml:18:9-44
38        <activity
38-->src/main/AndroidManifest.xml:20:9-22:40
39            android:name="com.vicidial.simagent.AgentConsoleActivity"
39-->src/main/AndroidManifest.xml:21:13-49
40            android:exported="false" />
40-->src/main/AndroidManifest.xml:22:13-37
41        <activity
41-->src/main/AndroidManifest.xml:23:9-30:20
42            android:name="com.vicidial.simagent.MainActivity"
42-->src/main/AndroidManifest.xml:24:13-41
43            android:exported="true" >
43-->src/main/AndroidManifest.xml:25:13-36
44            <intent-filter>
44-->src/main/AndroidManifest.xml:26:13-29:29
45                <action android:name="android.intent.action.MAIN" />
45-->src/main/AndroidManifest.xml:27:17-69
45-->src/main/AndroidManifest.xml:27:25-66
46
47                <category android:name="android.intent.category.LAUNCHER" />
47-->src/main/AndroidManifest.xml:28:17-77
47-->src/main/AndroidManifest.xml:28:27-74
48            </intent-filter>
49        </activity>
50
51        <provider
51-->[androidx.emoji2:emoji2:1.3.0] AndroidManifest.xml:24:9-32:20
52            android:name="androidx.startup.InitializationProvider"
52-->[androidx.emoji2:emoji2:1.3.0] AndroidManifest.xml:25:13-67
53            android:authorities="com.vicidial.simagent.androidx-startup"
53-->[androidx.emoji2:emoji2:1.3.0] AndroidManifest.xml:26:13-68
54            android:exported="false" >
54-->[androidx.emoji2:emoji2:1.3.0] AndroidManifest.xml:27:13-37
55            <meta-data
55-->[androidx.emoji2:emoji2:1.3.0] AndroidManifest.xml:29:13-31:52
56                android:name="androidx.emoji2.text.EmojiCompatInitializer"
56-->[androidx.emoji2:emoji2:1.3.0] AndroidManifest.xml:30:17-75
57                android:value="androidx.startup" />
57-->[androidx.emoji2:emoji2:1.3.0] AndroidManifest.xml:31:17-49
58            <meta-data
58-->[androidx.lifecycle:lifecycle-process:2.8.4] AndroidManifest.xml:29:13-31:52
59                android:name="androidx.lifecycle.ProcessLifecycleInitializer"
59-->[androidx.lifecycle:lifecycle-process:2.8.4] AndroidManifest.xml:30:17-78
60                android:value="androidx.startup" />
60-->[androidx.lifecycle:lifecycle-process:2.8.4] AndroidManifest.xml:31:17-49
61            <meta-data
61-->[androidx.profileinstaller:profileinstaller:1.3.1] AndroidManifest.xml:29:13-31:52
62                android:name="androidx.profileinstaller.ProfileInstallerInitializer"
62-->[androidx.profileinstaller:profileinstaller:1.3.1] AndroidManifest.xml:30:17-85
63                android:value="androidx.startup" />
63-->[androidx.profileinstaller:profileinstaller:1.3.1] AndroidManifest.xml:31:17-49
64        </provider>
65
66        <receiver
66-->[androidx.profileinstaller:profileinstaller:1.3.1] AndroidManifest.xml:34:9-52:20
67            android:name="androidx.profileinstaller.ProfileInstallReceiver"
67-->[androidx.profileinstaller:profileinstaller:1.3.1] AndroidManifest.xml:35:13-76
68            android:directBootAware="false"
68-->[androidx.profileinstaller:profileinstaller:1.3.1] AndroidManifest.xml:36:13-44
69            android:enabled="true"
69-->[androidx.profileinstaller:profileinstaller:1.3.1] AndroidManifest.xml:37:13-35
70            android:exported="true"
70-->[androidx.profileinstaller:profileinstaller:1.3.1] AndroidManifest.xml:38:13-36
71            android:permission="android.permission.DUMP" >
71-->[androidx.profileinstaller:profileinstaller:1.3.1] AndroidManifest.xml:39:13-57
72            <intent-filter>
72-->[androidx.profileinstaller:profileinstaller:1.3.1] AndroidManifest.xml:40:13-42:29
73                <action android:name="androidx.profileinstaller.action.INSTALL_PROFILE" />
73-->[androidx.profileinstaller:profileinstaller:1.3.1] AndroidManifest.xml:41:17-91
73-->[androidx.profileinstaller:profileinstaller:1.3.1] AndroidManifest.xml:41:25-88
74            </intent-filter>
75            <intent-filter>
75-->[androidx.profileinstaller:profileinstaller:1.3.1] AndroidManifest.xml:43:13-45:29
76                <action android:name="androidx.profileinstaller.action.SKIP_FILE" />
76-->[androidx.profileinstaller:profileinstaller:1.3.1] AndroidManifest.xml:44:17-85
76-->[androidx.profileinstaller:profileinstaller:1.3.1] AndroidManifest.xml:44:25-82
77            </intent-filter>
78            <intent-filter>
78-->[androidx.profileinstaller:profileinstaller:1.3.1] AndroidManifest.xml:46:13-48:29
79                <action android:name="androidx.profileinstaller.action.SAVE_PROFILE" />
79-->[androidx.profileinstaller:profileinstaller:1.3.1] AndroidManifest.xml:47:17-88
79-->[androidx.profileinstaller:profileinstaller:1.3.1] AndroidManifest.xml:47:25-85
80            </intent-filter>
81            <intent-filter>
81-->[androidx.profileinstaller:profileinstaller:1.3.1] AndroidManifest.xml:49:13-51:29
82                <action android:name="androidx.profileinstaller.action.BENCHMARK_OPERATION" />
82-->[androidx.profileinstaller:profileinstaller:1.3.1] AndroidManifest.xml:50:17-95
82-->[androidx.profileinstaller:profileinstaller:1.3.1] AndroidManifest.xml:50:25-92
83            </intent-filter>
84        </receiver>
85    </application>
86
87</manifest>